0	118	141	548	221	68	366	135	167	135	96	211	197	389	101	397	226	368	260	476	71
118	0	259	666	305	50	251	124	225	253	214	329	186	378	219	515	344	486	249	361	189
141	259	0	689	80	209	376	145	44	187	115	70	207	399	242	538	367	509	270	486	197
548	666	689	0	741	616	914	683	715	529	644	646	745	937	447	945	572	180	808	1024	593
221	305	80	741	0	289	412	181	80	212	151	95	243	435	294	618	419	561	306	522	233
68	50	209	616	289	0	301	174	235	203	164	279	236	428	169	465	294	436	299	411	139
366	251	376	914	412	301	0	231	332	479	333	446	169	238	467	763	592	734	232	110	415
135	124	145	683	181	174	231	0	101	248	102	215	62	254	236	532	361	503	125	341	184
167	225	44	715	80	235	332	101	0	217	71	114	163	355	268	564	393	535	226	442	153
135	253	187	529	212	203	479	248	217	0	146	117	310	502	82	532	207	349	373	589	64
96	214	115	644	151	164	333	102	71	146	0	185	164	356	197	493	322	464	227	443	82
211	329	70	646	95	279	446	215	114	117	185	0	277	469	199	608	324	466	340	556	181
197	186	207	745	243	236	169	62	163	310	164	277	0	192	298	594	423	565	63	279	246
389	378	399	937	435	428	238	254	355	502	356	469	192	0	490	786	615	757	129	128	438
101	219	242	447	294	169	467	236	268	82	197	199	298	490	0	498	125	267	361	577	146
397	515	538	945	618	465	763	532	564	532	493	608	594	786	498	0	623	765	657	873	468
226	344	367	572	419	294	592	361	393	207	322	324	423	615	125	623	0	392	486	702	271
368	486	509	180	561	436	734	503	535	349	464	466	565	757	267	765	392	0	628	844	413
260	249	270	808	306	299	232	125	226	373	227	340	63	129	361	657	486	628	0	257	309
476	361	486	1024	522	411	110	341	442	589	443	556	279	128	577	873	702	844	257	0	525
71	189	197	593	233	139	415	184	153	64	82	181	246	438	146	468	271	413	309	525	0
1 1
1 6 2
1 3
1 15 18 4
1 11 9 5
1 6
1 6 2 7
1 8
1 11 9
1 21 10
1 11
1 3 12
1 8 13
1 8 13 19 14
1 15
1 16
1 15 17
1 15 18
1 8 13 19
1 6 2 7 20
1 21
2 6 1
2 2
2 6 1 3
2 6 1 15 18 4
2 8 9 5
2 6
2 7
2 8
2 8 9
2 6 1 21 10
2 6 1 11
2 6 1 3 12
2 8 13
2 7 20 14
2 6 1 15
2 6 1 16
2 6 1 15 17
2 6 1 15 18
2 8 13 19
2 7 20
2 6 1 21
3 1
3 1 6 2
3 3
3 1 15 18 4
3 5
3 1 6
3 9 8 13 7
3 9 8
3 9
3 12 10
3 9 11
3 12
3 9 8 13
3 9 8 13 19 14
3 1 15
3 1 16
3 1 15 17
3 1 15 18
3 9 8 13 19
3 9 8 13 7 20
3 9 11 21
4 18 15 1
4 18 15 1 6 2
4 18 15 1 3
4 4
4 18 15 10 12 5
4 18 15 1 6
4 18 15 1 6 2 7
4 18 15 1 8
4 18 15 1 11 9
4 18 15 10
4 18 15 1 11
4 18 15 10 12
4 18 15 1 8 13
4 18 15 1 8 13 19 14
4 18 15
4 18 15 1 16
4 18 15 17
4 18
4 18 15 1 8 13 19
4 18 15 1 6 2 7 20
4 18 15 10 21
5 9 11 1
5 9 8 2
5 3
5 12 10 15 18 4
5 5
5 9 11 1 6
5 9 8 13 7
5 9 8
5 9
5 12 10
5 9 11
5 12
5 9 8 13
5 9 8 13 19 14
5 12 10 15
5 9 11 1 16
5 12 10 15 17
5 12 10 15 18
5 9 8 13 19
5 9 8 13 7 20
5 9 11 21
6 1
6 2
6 1 3
6 1 15 18 4
6 1 11 9 5
6 6
6 2 7
6 2 8
6 1 11 9
6 1 21 10
6 1 11
6 1 3 12
6 2 8 13
6 2 7 20 14
6 1 15
6 1 16
6 1 15 17
6 1 15 18
6 2 8 13 19
6 2 7 20
6 1 21
7 2 6 1
7 2
7 13 8 9 3
7 2 6 1 15 18 4
7 13 8 9 5
7 2 6
7 7
7 13 8
7 13 8 9
7 2 6 1 21 10
7 13 8 11
7 13 8 9 3 12
7 13
7 20 14
7 2 6 1 15
7 2 6 1 16
7 2 6 1 15 17
7 2 6 1 15 18
7 13 19
7 20
7 2 6 1 21
8 1
8 2
8 9 3
8 1 15 18 4
8 9 5
8 2 6
8 13 7
8 8
8 9
8 11 21 10
8 11
8 9 3 12
8 13
8 13 19 14
8 1 15
8 1 16
8 1 15 17
8 1 15 18
8 13 19
8 13 7 20
8 11 21
9 11 1
9 8 2
9 3
9 11 1 15 18 4
9 5
9 11 1 6
9 8 13 7
9 8
9 9
9 11 21 10
9 11
9 3 12
9 8 13
9 8 13 19 14
9 11 1 15
9 11 1 16
9 11 1 15 17
9 11 1 15 18
9 8 13 19
9 8 13 7 20
9 11 21
10 21 1
10 21 1 6 2
10 12 3
10 15 18 4
10 12 5
10 21 1 6
10 21 1 6 2 7
10 21 11 8
10 21 11 9
10 10
10 21 11
10 12
10 21 11 8 13
10 21 11 8 13 19 14
10 15
10 21 1 16
10 15 17
10 15 18
10 21 11 8 13 19
10 21 1 6 2 7 20
10 21
11 1
11 1 6 2
11 9 3
11 1 15 18 4
11 9 5
11 1 6
11 8 13 7
11 8
11 9
11 21 10
11 11
11 9 3 12
11 8 13
11 8 13 19 14
11 1 15
11 1 16
11 1 15 17
11 1 15 18
11 8 13 19
11 8 13 7 20
11 21
12 3 1
12 3 1 6 2
12 3
12 10 15 18 4
12 5
12 3 1 6
12 3 9 8 13 7
12 3 9 8
12 3 9
12 10
12 3 9 11
12 12
12 3 9 8 13
12 3 9 8 13 19 14
12 10 15
12 3 1 16
12 10 15 17
12 10 15 18
12 3 9 8 13 19
12 3 9 8 13 7 20
12 10 21
13 8 1
13 8 2
13 8 9 3
13 8 1 15 18 4
13 8 9 5
13 8 2 6
13 7
13 8
13 8 9
13 8 11 21 10
13 8 11
13 8 9 3 12
13 13
13 19 14
13 8 1 15
13 8 1 16
13 8 1 15 17
13 8 1 15 18
13 19
13 7 20
13 8 11 21
14 19 13 8 1
14 20 7 2
14 19 13 8 9 3
14 19 13 8 1 15 18 4
14 19 13 8 9 5
14 20 7 2 6
14 20 7
14 19 13 8
14 19 13 8 9
14 19 13 8 11 21 10
14 19 13 8 11
14 19 13 8 9 3 12
14 19 13
14 14
14 19 13 8 1 15
14 19 13 8 1 16
14 19 13 8 1 15 17
14 19 13 8 1 15 18
14 19
14 20
14 19 13 8 11 21
15 1
15 1 6 2
15 1 3
15 18 4
15 10 12 5
15 1 6
15 1 6 2 7
15 1 8
15 1 11 9
15 10
15 1 11
15 10 12
15 1 8 13
15 1 8 13 19 14
15 15
15 1 16
15 17
15 18
15 1 8 13 19
15 1 6 2 7 20
15 10 21
16 1
16 1 6 2
16 1 3
16 1 15 18 4
16 1 11 9 5
16 1 6
16 1 6 2 7
16 1 8
16 1 11 9
16 1 21 10
16 1 11
16 1 3 12
16 1 8 13
16 1 8 13 19 14
16 1 15
16 16
16 1 15 17
16 1 15 18
16 1 8 13 19
16 1 6 2 7 20
16 1 21
17 15 1
17 15 1 6 2
17 15 1 3
17 15 18 4
17 15 10 12 5
17 15 1 6
17 15 1 6 2 7
17 15 1 8
17 15 1 11 9
17 15 10
17 15 1 11
17 15 10 12
17 15 1 8 13
17 15 1 8 13 19 14
17 15
17 15 1 16
17 17
17 15 18
17 15 1 8 13 19
17 15 1 6 2 7 20
17 15 10 21
18 15 1
18 15 1 6 2
18 15 1 3
18 4
18 15 10 12 5
18 15 1 6
18 15 1 6 2 7
18 15 1 8
18 15 1 11 9
18 15 10
18 15 1 11
18 15 10 12
18 15 1 8 13
18 15 1 8 13 19 14
18 15
18 15 1 16
18 15 17
18 18
18 15 1 8 13 19
18 15 1 6 2 7 20
18 15 10 21
19 13 8 1
19 13 8 2
19 13 8 9 3
19 13 8 1 15 18 4
19 13 8 9 5
19 13 8 2 6
19 13 7
19 13 8
19 13 8 9
19 13 8 11 21 10
19 13 8 11
19 13 8 9 3 12
19 13
19 14
19 13 8 1 15
19 13 8 1 16
19 13 8 1 15 17
19 13 8 1 15 18
19 19
19 14 20
19 13 8 11 21
20 7 2 6 1
20 7 2
20 7 13 8 9 3
20 7 2 6 1 15 18 4
20 7 13 8 9 5
20 7 2 6
20 7
20 7 13 8
20 7 13 8 9
20 7 2 6 1 21 10
20 7 13 8 11
20 7 13 8 9 3 12
20 7 13
20 14
20 7 2 6 1 15
20 7 2 6 1 16
20 7 2 6 1 15 17
20 7 2 6 1 15 18
20 14 19
20 20
20 7 2 6 1 21
21 1
21 1 6 2
21 11 9 3
21 10 15 18 4
21 11 9 5
21 1 6
21 1 6 2 7
21 11 8
21 11 9
21 10
21 11
21 10 12
21 11 8 13
21 11 8 13 19 14
21 10 15
21 1 16
21 10 15 17
21 10 15 18
21 11 8 13 19
21 1 6 2 7 20
21 21